<?xml version="1.0" encoding="UTF-8"?>
<!-- Generated by org.testng.reporters.JUnitXMLReporter -->
<testsuite hostname="DESKTOP-OBQRPCJ" ignored="9" name="SMOKE TESTS" tests="10" failures="0" timestamp="03 июн 2019 05:30:54 GMT" time="262.867" errors="0">
  <testcase name="smoke1 on [Smoke_1 passed=0 failed=0 skipped=0]" time="3.478" classname="com.tests.smoke.Smoke_1"/>
  <testcase name="smoke1 on [Smoke_2 passed=0 failed=0 skipped=0]" time="9.344" classname="com.tests.smoke.Smoke_2"/>
  <testcase name="smoke1 on [Smoke_2_2 passed=0 failed=0 skipped=0]" time="6.151" classname="com.tests.smoke.Smoke_2_2"/>
  <testcase name="smoke1 on [Smoke_4_1 passed=0 failed=0 skipped=0]" time="24.955" classname="com.tests.smoke.Smoke_4_1"/>
  <testcase name="smoke1 on [Smoke_4_2_1 passed=0 failed=0 skipped=0]" time="23.328" classname="com.tests.smoke.Smoke_4_2_1"/>
  <testcase name="smoke1 on [Smoke_4_1_1 passed=0 failed=0 skipped=0]" time="23.433" classname="com.tests.smoke.Smoke_4_1_1"/>
  <testcase name="smoke1 on [Smoke_6_1 passed=0 failed=0 skipped=0]" time="15.738" classname="com.tests.smoke.Smoke_6_1"/>
  <testcase name="smoke1 on [Smoke_5_1_1 passed=0 failed=0 skipped=0]" time="17.624" classname="com.tests.smoke.Smoke_5_1_1"/>
  <testcase name="smoke1 on [Smoke_5_2_1 passed=0 failed=0 skipped=0]" time="16.867" classname="com.tests.smoke.Smoke_5_2_1"/>
  <testcase name="smoke1 on [Smoke_7_1_1 passed=0 failed=0 skipped=0]" time="22.852" classname="com.tests.smoke.Smoke_7_1_1"/>
  <testcase name="@BeforeSuite cleanUp" time="0.0" classname="com.base.common.BaseTest">
    <ignored/>
  </testcase> <!-- @BeforeSuite cleanUp -->
  <testcase name="@BeforeSuite cleanUp" time="0.0" classname="com.base.common.BaseTest">
    <ignored/>
  </testcase> <!-- @BeforeSuite cleanUp -->
  <testcase name="@BeforeSuite cleanUp" time="0.0" classname="com.base.common.BaseTest">
    <ignored/>
  </testcase> <!-- @BeforeSuite cleanUp -->
  <testcase name="@BeforeSuite cleanUp" time="0.0" classname="com.base.common.BaseTest">
    <ignored/>
  </testcase> <!-- @BeforeSuite cleanUp -->
  <testcase name="@BeforeSuite cleanUp" time="0.0" classname="com.base.common.BaseTest">
    <ignored/>
  </testcase> <!-- @BeforeSuite cleanUp -->
  <testcase name="@BeforeSuite cleanUp" time="0.0" classname="com.base.common.BaseTest">
    <ignored/>
  </testcase> <!-- @BeforeSuite cleanUp -->
  <testcase name="@BeforeSuite cleanUp" time="0.0" classname="com.base.common.BaseTest">
    <ignored/>
  </testcase> <!-- @BeforeSuite cleanUp -->
  <testcase name="@BeforeSuite cleanUp" time="0.0" classname="com.base.common.BaseTest">
    <ignored/>
  </testcase> <!-- @BeforeSuite cleanUp -->
  <testcase name="@BeforeSuite cleanUp" time="0.0" classname="com.base.common.BaseTest">
    <ignored/>
  </testcase> <!-- @BeforeSuite cleanUp -->
</testsuite> <!-- SMOKE TESTS -->
